This is pdfTeX, Version 3.1415926-2.5-1.40.14 (MiKTeX 2.9) (preloaded format=pdflatex 2014.11.24)  4 DEC 2014 22:08
entering extended mode
**Feasability.tex
("C:\Users\BuckDich\Documents\GitHub\Team3.14\Docs\Final Report\Feasability.tex
"
LaTeX2e <2011/06/27>
Babel <v3.8m> and hyphenation patterns for english, afrikaans, ancientgreek, ar
abic, armenian, assamese, basque, bengali, bokmal, bulgarian, catalan, coptic, 
croatian, czech, danish, dutch, esperanto, estonian, farsi, finnish, french, ga
lician, german, german-x-2013-05-26, greek, gujarati, hindi, hungarian, iceland
ic, indonesian, interlingua, irish, italian, kannada, kurmanji, latin, latvian,
 lithuanian, malayalam, marathi, mongolian, mongolianlmc, monogreek, ngerman, n
german-x-2013-05-26, nynorsk, oriya, panjabi, pinyin, polish, portuguese, roman
ian, russian, sanskrit, serbian, slovak, slovenian, spanish, swedish, swissgerm
an, tamil, telugu, turkish, turkmen, ukenglish, ukrainian, uppersorbian, usengl
ishmax, welsh, loaded.
("C:\Program Files (x86)\MiKTeX 2.9\tex\latex\base\report.cls"
Document Class: report 2007/10/19 v1.4h Standard LaTeX document class
("C:\Program Files (x86)\MiKTeX 2.9\tex\latex\base\size10.clo"
File: size10.clo 2007/10/19 v1.4h Standard LaTeX file (size option)
)
\c@part=\count79
\c@chapter=\count80
\c@section=\count81
\c@subsection=\count82
\c@subsubsection=\count83
\c@paragraph=\count84
\c@subparagraph=\count85
\c@figure=\count86
\c@table=\count87
\abovecaptionskip=\skip41
\belowcaptionskip=\skip42
\bibindent=\dimen102
)
("C:\Program Files (x86)\MiKTeX 2.9\tex\latex\graphics\graphicx.sty"
Package: graphicx 1999/02/16 v1.0f Enhanced LaTeX Graphics (DPC,SPQR)

("C:\Program Files (x86)\MiKTeX 2.9\tex\latex\graphics\keyval.sty"
Package: keyval 1999/03/16 v1.13 key=value parser (DPC)
\KV@toks@=\toks14
)
("C:\Program Files (x86)\MiKTeX 2.9\tex\latex\graphics\graphics.sty"
Package: graphics 2009/02/05 v1.0o Standard LaTeX Graphics (DPC,SPQR)

("C:\Program Files (x86)\MiKTeX 2.9\tex\latex\graphics\trig.sty"
Package: trig 1999/03/16 v1.09 sin cos tan (DPC)
)
("C:\Program Files (x86)\MiKTeX 2.9\tex\latex\00miktex\graphics.cfg"
File: graphics.cfg 2007/01/18 v1.5 graphics configuration of teTeX/TeXLive
)
Package graphics Info: Driver file: pdftex.def on input line 91.

("C:\Program Files (x86)\MiKTeX 2.9\tex\latex\pdftex-def\pdftex.def"
File: pdftex.def 2011/05/27 v0.06d Graphics/color for pdfTeX

("C:\Program Files (x86)\MiKTeX 2.9\tex\generic\oberdiek\infwarerr.sty"
Package: infwarerr 2010/04/08 v1.3 Providing info/warning/error messages (HO)
)
("C:\Program Files (x86)\MiKTeX 2.9\tex\generic\oberdiek\ltxcmds.sty"
Package: ltxcmds 2011/11/09 v1.22 LaTeX kernel commands for general use (HO)
)
\Gread@gobject=\count88
))
\Gin@req@height=\dimen103
\Gin@req@width=\dimen104
)
("C:\Program Files (x86)\MiKTeX 2.9\tex\generic\babel\babel.sty"
Package: babel 2008/07/08 v3.8m The Babel package

*************************************
* Local config file bblopts.cfg used
*
("C:\Program Files (x86)\MiKTeX 2.9\tex\latex\00miktex\bblopts.cfg"
File: bblopts.cfg 2006/07/31 v1.0 MiKTeX 'babel' configuration
)
("C:\Program Files (x86)\MiKTeX 2.9\tex\generic\babel\english.ldf"
Language: english 2005/03/30 v3.3o English support from the babel system

("C:\Program Files (x86)\MiKTeX 2.9\tex\generic\babel\babel.def"
File: babel.def 2008/07/08 v3.8m Babel common definitions
\babel@savecnt=\count89
\U@D=\dimen105
)
\l@canadian = a dialect from \language\l@american 
\l@australian = a dialect from \language\l@british 
\l@newzealand = a dialect from \language\l@british 
))
("C:\Program Files (x86)\MiKTeX 2.9\tex\latex\float\float.sty"
Package: float 2001/11/08 v1.3d Float enhancements (AL)
\c@float@type=\count90
\float@exts=\toks15
\float@box=\box26
\@float@everytoks=\toks16
\@floatcapt=\box27
)
("C:\Users\BuckDich\Documents\GitHub\Team3.14\Docs\Final Report\Feasability.aux
")
LaTeX Font Info:    Checking defaults for OML/cmm/m/it on input line 5.
LaTeX Font Info:    ... okay on input line 5.
LaTeX Font Info:    Checking defaults for T1/cmr/m/n on input line 5.
LaTeX Font Info:    ... okay on input line 5.
LaTeX Font Info:    Checking defaults for OT1/cmr/m/n on input line 5.
LaTeX Font Info:    ... okay on input line 5.
LaTeX Font Info:    Checking defaults for OMS/cmsy/m/n on input line 5.
LaTeX Font Info:    ... okay on input line 5.
LaTeX Font Info:    Checking defaults for OMX/cmex/m/n on input line 5.
LaTeX Font Info:    ... okay on input line 5.
LaTeX Font Info:    Checking defaults for U/cmr/m/n on input line 5.
LaTeX Font Info:    ... okay on input line 5.
 (C:\Users\BuckDich\AppData\Roaming\MiKTeX\2.9\tex\context\base\supp-pdf.mkii
[Loading MPS to PDF converter (version 2006.09.02).]
\scratchcounter=\count91
\scratchdimen=\dimen106
\scratchbox=\box28
\nofMPsegments=\count92
\nofMParguments=\count93
\everyMPshowfont=\toks17
\MPscratchCnt=\count94
\MPscratchDim=\dimen107
\MPnumerator=\count95
\makeMPintoPDFobject=\count96
\everyMPtoPDFconversion=\toks18
)
LaTeX Font Info:    External font `cmex10' loaded for size
(Font)              <12> on input line 8.
LaTeX Font Info:    External font `cmex10' loaded for size
(Font)              <8> on input line 8.
LaTeX Font Info:    External font `cmex10' loaded for size
(Font)              <6> on input line 8.
 [1

{C:/Users/BuckDich/AppData/Local/MiKTeX/2.9/pdftex/config/pdftex.map}]
("C:\Users\BuckDich\Documents\GitHub\Team3.14\Docs\Final Report\Feasability.toc
"
LaTeX Font Info:    External font `cmex10' loaded for size
(Font)              <7> on input line 2.
LaTeX Font Info:    External font `cmex10' loaded for size
(Font)              <5> on input line 2.
)
\tf@toc=\write3
 [1

]
Missing character: There is no ‚ in font cmr10!
Missing character: There is no Ä in font cmr10!
Missing character: There is no ô in font cmr10!
Missing character: There is no ‚ in font cmr10!
Missing character: There is no Ä in font cmr10!
Missing character: There is no ú in font cmr10!
Missing character: There is no ‚ in font cmr10!
Missing character: There is no Ä in font cmr10!
Missing character: There is no ù in font cmr10!
Missing character: There is no ¬ in font cmr10!
Missing character: There is no ∞ in font cmr10!
Missing character: There is no ¬ in font cmr10!
Missing character: There is no ∞ in font cmr10!
Missing character: There is no ‚ in font cmr10!
Missing character: There is no Ä in font cmr10!
Missing character: There is no ô in font cmr10!
 <Website.PNG, id=12, 842.39719pt x 545.03625pt>
File: Website.PNG Graphic file (type png)
 <use Website.PNG>
Package pdftex.def Info: Website.PNG used on input line 49.
(pdftex.def)             Requested size: 421.19756pt x 272.51746pt.

[2] [3]
Missing character: There is no ‚ in font cmr10!
Missing character: There is no Ä in font cmr10!
Missing character: There is no ú in font cmr10!
Missing character: There is no ‚ in font cmr10!
Missing character: There is no Ä in font cmr10!
Missing character: There is no ù in font cmr10!
Missing character: There is no ‚ in font cmr10!
Missing character: There is no Ä in font cmr10!
Missing character: There is no ú in font cmr10!
Missing character: There is no ‚ in font cmr10!
Missing character: There is no Ä in font cmr10!
Missing character: There is no ù in font cmr10!
Missing character: There is no ‚ in font cmr10!
Missing character: There is no Ä in font cmr10!
Missing character: There is no ú in font cmr10!
Missing character: There is no ‚ in font cmr10!
Missing character: There is no Ä in font cmr10!
Missing character: There is no ù in font cmr10!
Missing character: There is no ‚ in font cmr10!
Missing character: There is no Ä in font cmr10!
Missing character: There is no ú in font cmr10!
Missing character: There is no ‚ in font cmr10!
Missing character: There is no Ä in font cmr10!
Missing character: There is no ù in font cmr10!
Missing character: There is no ‚ in font cmr10!
Missing character: There is no Ä in font cmr10!
Missing character: There is no ú in font cmr10!
Missing character: There is no ‚ in font cmr10!
Missing character: There is no Ä in font cmr10!
Missing character: There is no ù in font cmr10!
Missing character: There is no ‚ in font cmr10!
Missing character: There is no Ä in font cmr10!
Missing character: There is no ú in font cmr10!
Missing character: There is no ‚ in font cmr10!
Missing character: There is no Ä in font cmr10!
Missing character: There is no ù in font cmr10!
 <LoginPage.PNG, id=22, 492.33937pt x 228.855pt>
File: LoginPage.PNG Graphic file (type png)
 <use LoginPage.PNG>
Package pdftex.def Info: LoginPage.PNG used on input line 65.
(pdftex.def)             Requested size: 369.2536pt x 171.64082pt.

[4 <C:/Users/BuckDich/Documents/GitHub/Team3.14/Docs/Final Report/Website.PNG>]
[5 <C:/Users/BuckDich/Documents/GitHub/Team3.14/Docs/Final Report/LoginPage.PNG
>] <AddPage.PNG, id=31, 798.73407pt x 566.86781pt>
File: AddPage.PNG Graphic file (type png)
 <use AddPage.PNG>
Package pdftex.def Info: AddPage.PNG used on input line 78.
(pdftex.def)             Requested size: 399.36606pt x 283.43321pt.

<AddDevice.PNG, id=32, 487.06969pt x 331.2375pt>
File: AddDevice.PNG Graphic file (type png)
 <use AddDevice.PNG>
Package pdftex.def Info: AddDevice.PNG used on input line 88.
(pdftex.def)             Requested size: 365.30136pt x 248.4275pt.
 [6 <C:/Users/BuckDich/Documents/GitHub/Team3.14/Docs/Final Report/AddPage.PNG>
]
<AddDeviceType.PNG, id=38, 389.20406pt x 210.03468pt>
File: AddDeviceType.PNG Graphic file (type png)
 <use AddDeviceType.PNG>
Package pdftex.def Info: AddDeviceType.PNG used on input line 94.
(pdftex.def)             Requested size: 291.90233pt x 157.52562pt.

<AddRoom.PNG, id=39, 457.71pt x 255.95625pt>
File: AddRoom.PNG Graphic file (type png)
 <use AddRoom.PNG>
Package pdftex.def Info: AddRoom.PNG used on input line 102.
(pdftex.def)             Requested size: 343.28166pt x 191.9667pt.
 [7 <C:/Users/BuckDich/Documents/GitHub/Team3.14/Docs/Final Report/AddDevice.PN
G> <C:/Users/BuckDich/Documents/GitHub/Team3.14/Docs/Final Report/AddDeviceType
.PNG>]
<AddUser.PNG, id=45, 411.03563pt x 323.70938pt>
File: AddUser.PNG Graphic file (type png)
 <use AddUser.PNG>
Package pdftex.def Info: AddUser.PNG used on input line 118.
(pdftex.def)             Requested size: 308.27596pt x 242.78143pt.
 [8 <C:/Users/BuckDich/Documents/GitHub/Team3.14/Docs/Final Report/AddRoom.PNG>
]
<ERDDiagram.png, id=50, 691.58376pt x 949.5475pt>
File: ERDDiagram.png Graphic file (type png)
 <use ERDDiagram.png>
Package pdftex.def Info: ERDDiagram.png used on input line 124.
(pdftex.def)             Requested size: 242.05794pt x 332.3466pt.
 [9 <C:/Users/BuckDich/Documents/GitHub/Team3.14/Docs/Final Report/AddUser.PNG>
]
[10 <C:/Users/BuckDich/Documents/GitHub/Team3.14/Docs/Final Report/ERDDiagram.p
ng>] [11] [12] <firstlogin.PNG, id=65, 612.67702pt x 444.40657pt>
File: firstlogin.PNG Graphic file (type png)

<use firstlogin.PNG>
Package pdftex.def Info: firstlogin.PNG used on input line 143.
(pdftex.def)             Requested size: 459.50664pt x 333.30411pt.
 [13 <C:/Users/BuckDich/Documents/GitHub/Team3.14/Docs/Final Report/firstlogin.
PNG>] <opentabfirst.PNG, id=70, 615.91298pt x 446.56387pt>
File: opentabfirst.PNG Graphic file (type png)

<use opentabfirst.PNG>
Package pdftex.def Info: opentabfirst.PNG used on input line 149.
(pdftex.def)             Requested size: 461.9336pt x 334.92207pt.
 [14 <C:/Users/BuckDich/Documents/GitHub/Team3.14/Docs/Final Report/opentabfirs
t.PNG>]
<adminpaneldesktop.PNG, id=75, 602.42584pt x 436.78511pt>
File: adminpaneldesktop.PNG Graphic file (type png)

<use adminpaneldesktop.PNG>
Package pdftex.def Info: adminpaneldesktop.PNG used on input line 156.
(pdftex.def)             Requested size: 451.81827pt x 327.58803pt.
 [15 <C:/Users/BuckDich/Documents/GitHub/Team3.14/Docs/Final Report/adminpaneld
esktop.PNG>]
<roomsdesktop.PNG, id=80, 604.72986pt x 438.93398pt>
File: roomsdesktop.PNG Graphic file (type png)
 <use roomsdesktop.PNG>
Package pdftex.def Info: roomsdesktop.PNG used on input line 162.
(pdftex.def)             Requested size: 453.54628pt x 329.19968pt.

[16 <C:/Users/BuckDich/Documents/GitHub/Team3.14/Docs/Final Report/roomsdesktop
.PNG>] <devicesdesktop.PNG, id=85, 613.75568pt x 444.94589pt>
File: devicesdesktop.PNG Graphic file (type png)

<use devicesdesktop.PNG>
Package pdftex.def Info: devicesdesktop.PNG used on input line 168.
(pdftex.def)             Requested size: 460.31561pt x 333.7086pt.
 [17 <C:/Users/BuckDich/Documents/GitHub/Team3.14/Docs/Final Report/devicesdesk
top.PNG>]
<usersdesktop.PNG, id=90, 619.45714pt x 449.37811pt>
File: usersdesktop.PNG Graphic file (type png)
 <use usersdesktop.PNG>
Package pdftex.def Info: usersdesktop.PNG used on input line 174.
(pdftex.def)             Requested size: 464.59172pt x 337.03276pt.

[18 <C:/Users/BuckDich/Documents/GitHub/Team3.14/Docs/Final Report/usersdesktop
.PNG>] <roomassignmentsdesktop.PNG, id=96, 620.54391pt x 449.92151pt>
File: roomassignmentsdesktop.PNG Graphic file (type png)

<use roomassignmentsdesktop.PNG>
Package pdftex.def Info: roomassignmentsdesktop.PNG used on input line 180.
(pdftex.def)             Requested size: 465.40678pt x 337.4403pt.
 [19 <C:/Users/BuckDich/Documents/GitHub/Team3.14/Docs/Final Report/roomassignm
entsdesktop.PNG>]
LaTeX Font Info:    Try loading font information for OMS+cmr on input line 194.


("C:\Program Files (x86)\MiKTeX 2.9\tex\latex\base\omscmr.fd"
File: omscmr.fd 1999/05/25 v2.5h Standard LaTeX font definitions
)
LaTeX Font Info:    Font shape `OMS/cmr/m/n' in size <10> not available
(Font)              Font shape `OMS/cmsy/m/n' tried instead on input line 194.
 [20] [21]
[22] [23] [24] [25]
Missing character: There is no ‚ in font cmr10!
Missing character: There is no Ä in font cmr10!
Missing character: There is no ô in font cmr10!
Missing character: There is no ‚ in font cmr10!
Missing character: There is no Ä in font cmr10!
Missing character: There is no ú in font cmr10!
Missing character: There is no ‚ in font cmr10!
Missing character: There is no Ä in font cmr10!
Missing character: There is no ù in font cmr10!
 [26]
Missing character: There is no ‚ in font cmr10!
Missing character: There is no Ä in font cmr10!
Missing character: There is no ú in font cmr10!
Missing character: There is no ‚ in font cmr10!
Missing character: There is no Ä in font cmr10!
Missing character: There is no ù in font cmr10!
Missing character: There is no ‚ in font cmr10!
Missing character: There is no Ä in font cmr10!
Missing character: There is no ú in font cmr10!
Missing character: There is no ‚ in font cmr10!
Missing character: There is no Ä in font cmr10!
Missing character: There is no ù in font cmr10!
 [27]
("C:\Users\BuckDich\Documents\GitHub\Team3.14\Docs\Final Report\Feasability.aux
") ) 
Here is how much of TeX's memory you used:
 1616 strings out of 493921
 21907 string characters out of 3144866
 83927 words of memory out of 3000000
 4913 multiletter control sequences out of 15000+200000
 7896 words of font info for 28 fonts, out of 3000000 for 9000
 841 hyphenation exceptions out of 8191
 27i,8n,21p,1312b,221s stack positions out of 5000i,500n,10000p,200000b,50000s
<C:/Program Files (x86)/MiKTeX 2.9/fonts/type1/public/amsfonts/cm/cmbx10.pf
b><C:/Program Files (x86)/MiKTeX 2.9/fonts/type1/public/amsfonts/cm/cmbx12.pfb>
<C:/Program Files (x86)/MiKTeX 2.9/fonts/type1/public/amsfonts/cm/cmr10.pfb><C:
/Program Files (x86)/MiKTeX 2.9/fonts/type1/public/amsfonts/cm/cmr12.pfb><C:/Pr
ogram Files (x86)/MiKTeX 2.9/fonts/type1/public/amsfonts/cm/cmr17.pfb><C:/Progr
am Files (x86)/MiKTeX 2.9/fonts/type1/public/amsfonts/cm/cmsy10.pfb><C:/Program
 Files (x86)/MiKTeX 2.9/fonts/type1/public/amsfonts/cm/cmsy7.pfb>
Output written on Feasability.pdf (28 pages, 1158018 bytes).
PDF statistics:
 150 PDF objects out of 1000 (max. 8388607)
 0 named destinations out of 1000 (max. 500000)
 76 words of extra memory for PDF output out of 10000 (max. 10000000)

